[2025-10-26 17:50:13] [ERROR] 错误 [409] 用户名已存在 | 路径: /user/register | 方法: POST | IP: ::1 | 堆栈: Error: 用户名已存在
    at emitErrMsg (/Users/yangdanping/Desktop/personal_project/coderx_server/src/utils/index.js:33:17)
    at verifyUserRegister (/Users/yangdanping/Desktop/personal_project/coderx_server/src/middleware/user.middleware.js:20:12)
    at process.processTicksAndRejections (node:internal/process/task_queues:105:5)
    at async bodyParser (/Users/yangdanping/Desktop/personal_project/coderx_server/node_modules/koa-bodyparser/index.js:78:5)
    at async loggerMiddleware (/Users/yangdanping/Desktop/personal_project/coderx_server/src/middleware/logger.middleware.js:20:5)

[2025-10-26 17:51:41] [ERROR] 错误 [409] 用户名已存在 | 路径: /user/register | 方法: POST | IP: ::1 | 堆栈: Error: 用户名已存在
    at emitErrMsg (/Users/yangdanping/Desktop/personal_project/coderx_server/src/utils/index.js:33:17)
    at verifyUserRegister (/Users/yangdanping/Desktop/personal_project/coderx_server/src/middleware/user.middleware.js:20:12)
    at process.processTicksAndRejections (node:internal/process/task_queues:105:5)
    at async bodyParser (/Users/yangdanping/Desktop/personal_project/coderx_server/node_modules/koa-bodyparser/index.js:78:5)
    at async loggerMiddleware (/Users/yangdanping/Desktop/personal_project/coderx_server/src/middleware/logger.middleware.js:20:5)

[2025-10-26 17:52:34] [ERROR] 错误 [409] 用户名已存在 | 路径: /user/register | 方法: POST | IP: ::1 | 堆栈: Error: 用户名已存在
    at emitErrMsg (/Users/yangdanping/Desktop/personal_project/coderx_server/src/utils/index.js:33:17)
    at verifyUserRegister (/Users/yangdanping/Desktop/personal_project/coderx_server/src/middleware/user.middleware.js:20:12)
    at process.processTicksAndRejections (node:internal/process/task_queues:105:5)
    at async bodyParser (/Users/yangdanping/Desktop/personal_project/coderx_server/node_modules/koa-bodyparser/index.js:78:5)
    at async loggerMiddleware (/Users/yangdanping/Desktop/personal_project/coderx_server/src/middleware/logger.middleware.js:20:5)

[2025-10-26 17:52:36] [ERROR] 错误 [409] 用户名已存在 | 路径: /user/register | 方法: POST | IP: ::1 | 堆栈: Error: 用户名已存在
    at emitErrMsg (/Users/yangdanping/Desktop/personal_project/coderx_server/src/utils/index.js:33:17)
    at verifyUserRegister (/Users/yangdanping/Desktop/personal_project/coderx_server/src/middleware/user.middleware.js:20:12)
    at process.processTicksAndRejections (node:internal/process/task_queues:105:5)
    at async bodyParser (/Users/yangdanping/Desktop/personal_project/coderx_server/node_modules/koa-bodyparser/index.js:78:5)
    at async loggerMiddleware (/Users/yangdanping/Desktop/personal_project/coderx_server/src/middleware/logger.middleware.js:20:5)

