[2025-10-29 11:17:54] [INFO] → GET /tag | IP: ::1

[2025-10-29 11:17:54] [INFO] → GET /article/recommend?offset=0&limit=10 | IP: ::1

[2025-10-29 11:17:54] [INFO] → GET /article?offset=0&limit=10&tagId=&pageOrder=date&userId=&idList=%5B%5D&keywords= | IP: ::1

[2025-10-29 11:17:54] [INFO] ✓ GET /article/recommend?offset=0&limit=10 | Status: 200 | 53ms

[2025-10-29 11:17:54] [INFO] ✓ GET /tag | Status: 200 | 71ms

[2025-10-29 11:17:54] [INFO] ✓ GET /article?offset=0&limit=10&tagId=&pageOrder=date&userId=&idList=%5B%5D&keywords= | Status: 200 | 70ms

[2025-10-29 11:17:54] [INFO] → GET /user/8/avatar | IP: ::1

[2025-10-29 11:17:54] [INFO] → GET /user/7/avatar | IP: ::1

[2025-10-29 11:17:54] [INFO] → GET /user/6/avatar | IP: ::1

[2025-10-29 11:17:54] [INFO] → GET /user/5/avatar | IP: ::1

[2025-10-29 11:17:54] [INFO] ✓ GET /user/8/avatar | Status: 200 | 9ms

[2025-10-29 11:17:54] [INFO] ✓ GET /user/7/avatar | Status: 200 | 7ms

[2025-10-29 11:17:54] [INFO] → GET /user/3/avatar | IP: ::1

[2025-10-29 11:17:54] [INFO] ✓ GET /user/6/avatar | Status: 200 | 10ms

[2025-10-29 11:17:54] [INFO] → GET /user/2/avatar | IP: ::1

[2025-10-29 11:17:54] [INFO] ✓ GET /user/2/avatar | Status: 200 | 3ms

[2025-10-29 11:17:54] [INFO] ✓ GET /user/3/avatar | Status: 200 | 10ms

[2025-10-29 11:17:54] [INFO] → GET /article/images/1685622311147.png-cover?type=small | IP: ::1

[2025-10-29 11:17:54] [INFO] → GET /article/images/1686221837379.png-cover?type=small | IP: ::1

[2025-10-29 11:17:54] [INFO] ✓ GET /user/5/avatar | Status: 200 | 38ms

[2025-10-29 11:17:54] [INFO] → GET /article/images/1686219335028.jpg-cover?type=small | IP: ::1

[2025-10-29 11:17:54] [INFO] ✓ GET /article/images/1686221837379.png-cover?type=small | Status: 200 | 22ms

[2025-10-29 11:17:54] [INFO] ✓ GET /article/images/1685622311147.png-cover?type=small | Status: 200 | 25ms

[2025-10-29 11:17:54] [INFO] → GET /article/images/1686218679815.jpg-cover?type=small | IP: ::1

[2025-10-29 11:17:54] [INFO] ✓ GET /article/images/1686219335028.jpg-cover?type=small | Status: 200 | 11ms

[2025-10-29 11:17:54] [INFO] → GET /article/images/1686220507024.jpg-cover?type=small | IP: ::1

[2025-10-29 11:17:54] [INFO] → GET /user/4/avatar | IP: ::1

[2025-10-29 11:17:54] [INFO] ✓ GET /article/images/1686218679815.jpg-cover?type=small | Status: 200 | 9ms

[2025-10-29 11:17:54] [INFO] ✓ GET /user/4/avatar | Status: 200 | 6ms

[2025-10-29 11:17:54] [INFO] ✓ GET /article/images/1686220507024.jpg-cover?type=small | Status: 200 | 7ms

[2025-10-29 11:17:54] [INFO] → GET /article/images/1685613097871.png-cover?type=small | IP: ::1

[2025-10-29 11:17:54] [INFO] → GET /article/images/1685612251452.png-cover?type=small | IP: ::1

[2025-10-29 11:17:54] [INFO] → GET /article/images/1685611740220.png-cover?type=small | IP: ::1

[2025-10-29 11:17:54] [INFO] ✓ GET /article/images/1685612251452.png-cover?type=small | Status: 200 | 10ms

[2025-10-29 11:17:54] [INFO] ✓ GET /article/images/1685613097871.png-cover?type=small | Status: 200 | 11ms

[2025-10-29 11:17:54] [INFO] → GET /article/images/1685546152822.png-cover?type=small | IP: ::1

[2025-10-29 11:17:54] [INFO] ✓ GET /article/images/1685611740220.png-cover?type=small | Status: 200 | 11ms

[2025-10-29 11:17:54] [INFO] ✓ GET /article/images/1685546152822.png-cover?type=small | Status: 200 | 4ms

[2025-10-29 11:17:54] [INFO] → GET /article/images/1685545493482.png-cover?type=small | IP: ::1

[2025-10-29 11:17:54] [INFO] ✓ GET /article/images/1685545493482.png-cover?type=small | Status: 200 | 2ms

[2025-10-29 11:18:04] [INFO] → GET /article/recommend?offset=0&limit=10 | IP: ::1

[2025-10-29 11:18:04] [INFO] → GET /tag | IP: ::1

[2025-10-29 11:18:04] [INFO] → GET /article?offset=0&limit=10&tagId=&pageOrder=date&userId=&idList=%5B%5D&keywords= | IP: ::1

[2025-10-29 11:18:04] [INFO] ✓ GET /article/recommend?offset=0&limit=10 | Status: 200 | 9ms

[2025-10-29 11:18:04] [INFO] ✓ GET /tag | Status: 200 | 11ms

[2025-10-29 11:18:04] [INFO] ✓ GET /article?offset=0&limit=10&tagId=&pageOrder=date&userId=&idList=%5B%5D&keywords= | Status: 200 | 20ms

[2025-10-29 11:18:04] [INFO] → GET /user/8/avatar | IP: ::1

[2025-10-29 11:18:04] [INFO] ✓ GET /user/8/avatar | Status: 200 | 2ms

[2025-10-29 11:18:04] [INFO] → GET /user/7/avatar | IP: ::1

[2025-10-29 11:18:04] [INFO] → GET /user/2/avatar | IP: ::1

[2025-10-29 11:18:04] [INFO] ✓ GET /user/7/avatar | Status: 200 | 4ms

[2025-10-29 11:18:04] [INFO] → GET /user/5/avatar | IP: ::1

[2025-10-29 11:18:04] [INFO] ✓ GET /user/2/avatar | Status: 200 | 6ms

[2025-10-29 11:18:04] [INFO] → GET /user/6/avatar | IP: ::1

[2025-10-29 11:18:04] [INFO] ✓ GET /user/5/avatar | Status: 200 | 6ms

[2025-10-29 11:18:04] [INFO] → GET /user/3/avatar | IP: ::1

[2025-10-29 11:18:04] [INFO] ✓ GET /user/6/avatar | Status: 200 | 30ms

[2025-10-29 11:18:04] [INFO] → GET /user/4/avatar | IP: ::1

[2025-10-29 11:18:04] [INFO] ✓ GET /user/3/avatar | Status: 200 | 37ms

[2025-10-29 11:18:04] [INFO] ✓ GET /user/4/avatar | Status: 200 | 12ms

[2025-10-29 11:18:04] [INFO] → GET /article/images/1686221837379.png-cover?type=small | IP: ::1

[2025-10-29 11:18:04] [INFO] → GET /article/images/1686220507024.jpg-cover?type=small | IP: ::1

[2025-10-29 11:18:04] [INFO] → GET /article/images/1686219335028.jpg-cover?type=small | IP: ::1

[2025-10-29 11:18:04] [INFO] ✓ GET /article/images/1686221837379.png-cover?type=small | Status: 200 | 8ms

[2025-10-29 11:18:04] [INFO] ✓ GET /article/images/1686220507024.jpg-cover?type=small | Status: 200 | 8ms

[2025-10-29 11:18:04] [INFO] ✓ GET /article/images/1686219335028.jpg-cover?type=small | Status: 200 | 6ms

[2025-10-29 11:18:04] [INFO] → GET /article/images/1686218679815.jpg-cover?type=small | IP: ::1

[2025-10-29 11:18:04] [INFO] → GET /article/images/1685622311147.png-cover?type=small | IP: ::1

[2025-10-29 11:18:04] [INFO] → GET /article/images/1685613097871.png-cover?type=small | IP: ::1

[2025-10-29 11:18:04] [INFO] → GET /article/images/1685612251452.png-cover?type=small | IP: ::1

[2025-10-29 11:18:04] [INFO] → GET /article/images/1685611740220.png-cover?type=small | IP: ::1

[2025-10-29 11:18:04] [INFO] → GET /article/images/1685546152822.png-cover?type=small | IP: ::1

[2025-10-29 11:18:04] [INFO] ✓ GET /article/images/1685613097871.png-cover?type=small | Status: 200 | 6ms

[2025-10-29 11:18:04] [INFO] ✓ GET /article/images/1686218679815.jpg-cover?type=small | Status: 200 | 10ms

[2025-10-29 11:18:04] [INFO] ✓ GET /article/images/1685622311147.png-cover?type=small | Status: 200 | 7ms

[2025-10-29 11:18:04] [INFO] ✓ GET /article/images/1685612251452.png-cover?type=small | Status: 200 | 9ms

[2025-10-29 11:18:04] [INFO] ✓ GET /article/images/1685611740220.png-cover?type=small | Status: 200 | 21ms

[2025-10-29 11:18:04] [INFO] ✓ GET /article/images/1685546152822.png-cover?type=small | Status: 200 | 21ms

[2025-10-29 11:20:20] [INFO] → GET /article/recommend?offset=0&limit=10 | IP: ::1

[2025-10-29 11:20:20] [INFO] → GET /tag | IP: ::1

[2025-10-29 11:20:20] [INFO] → GET /article?offset=0&limit=10&tagId=&pageOrder=date&userId=&idList=%5B%5D&keywords= | IP: ::1

[2025-10-29 11:20:20] [INFO] ✓ GET /article/recommend?offset=0&limit=10 | Status: 200 | 19ms

[2025-10-29 11:20:20] [INFO] ✓ GET /tag | Status: 200 | 29ms

[2025-10-29 11:20:20] [INFO] ✓ GET /article?offset=0&limit=10&tagId=&pageOrder=date&userId=&idList=%5B%5D&keywords= | Status: 200 | 29ms

[2025-10-29 11:20:20] [INFO] → GET /user/8/avatar | IP: ::1

[2025-10-29 11:20:20] [INFO] → GET /user/6/avatar | IP: ::1

[2025-10-29 11:20:20] [INFO] ✓ GET /user/8/avatar | Status: 200 | 3ms

[2025-10-29 11:20:20] [INFO] → GET /user/5/avatar | IP: ::1

[2025-10-29 11:20:20] [INFO] → GET /user/7/avatar | IP: ::1

[2025-10-29 11:20:20] [INFO] ✓ GET /user/6/avatar | Status: 200 | 4ms

[2025-10-29 11:20:20] [INFO] ✓ GET /user/5/avatar | Status: 200 | 4ms

[2025-10-29 11:20:20] [INFO] → GET /user/3/avatar | IP: ::1

[2025-10-29 11:20:20] [INFO] → GET /user/2/avatar | IP: ::1

[2025-10-29 11:20:20] [INFO] ✓ GET /user/7/avatar | Status: 200 | 16ms

[2025-10-29 11:20:20] [INFO] ✓ GET /user/3/avatar | Status: 200 | 11ms

[2025-10-29 11:20:20] [INFO] ✓ GET /user/2/avatar | Status: 200 | 6ms

[2025-10-29 11:20:20] [INFO] → GET /user/4/avatar | IP: ::1

[2025-10-29 11:20:20] [INFO] → GET /article/images/1686221837379.png-cover?type=small | IP: ::1

[2025-10-29 11:20:20] [INFO] ✓ GET /user/4/avatar | Status: 200 | 4ms

[2025-10-29 11:20:20] [INFO] ✓ GET /article/images/1686221837379.png-cover?type=small | Status: 200 | 6ms

[2025-10-29 11:20:20] [INFO] → GET /article/images/1686220507024.jpg-cover?type=small | IP: ::1

[2025-10-29 11:20:20] [INFO] → GET /article/images/1686219335028.jpg-cover?type=small | IP: ::1

[2025-10-29 11:20:20] [INFO] → GET /article/images/1686218679815.jpg-cover?type=small | IP: ::1

[2025-10-29 11:20:20] [INFO] → GET /article/images/1685622311147.png-cover?type=small | IP: ::1

[2025-10-29 11:20:20] [INFO] ✓ GET /article/images/1686220507024.jpg-cover?type=small | Status: 200 | 3ms

[2025-10-29 11:20:20] [INFO] ✓ GET /article/images/1686219335028.jpg-cover?type=small | Status: 200 | 5ms

[2025-10-29 11:20:20] [INFO] ✓ GET /article/images/1685622311147.png-cover?type=small | Status: 200 | 3ms

[2025-10-29 11:20:20] [INFO] ✓ GET /article/images/1686218679815.jpg-cover?type=small | Status: 200 | 9ms

[2025-10-29 11:20:20] [INFO] → GET /article/images/1685613097871.png-cover?type=small | IP: ::1

[2025-10-29 11:20:20] [INFO] → GET /article/images/1685612251452.png-cover?type=small | IP: ::1

[2025-10-29 11:20:20] [INFO] → GET /article/images/1685546152822.png-cover?type=small | IP: ::1

[2025-10-29 11:20:20] [INFO] → GET /article/images/1685611740220.png-cover?type=small | IP: ::1

[2025-10-29 11:20:20] [INFO] ✓ GET /article/images/1685613097871.png-cover?type=small | Status: 200 | 8ms

[2025-10-29 11:20:20] [INFO] ✓ GET /article/images/1685612251452.png-cover?type=small | Status: 200 | 6ms

[2025-10-29 11:20:20] [INFO] ✓ GET /article/images/1685611740220.png-cover?type=small | Status: 200 | 2ms

[2025-10-29 11:20:20] [INFO] ✓ GET /article/images/1685546152822.png-cover?type=small | Status: 200 | 4ms

[2025-10-29 11:20:34] [INFO] → GET /article?offset=0&limit=10&tagId=&pageOrder=hot&userId=&idList=%5B%5D&keywords= | IP: ::1

[2025-10-29 11:20:34] [INFO] ✓ GET /article?offset=0&limit=10&tagId=&pageOrder=hot&userId=&idList=%5B%5D&keywords= | Status: 200 | 21ms

[2025-10-29 11:20:35] [INFO] → GET /user/8/follow | IP: ::1

[2025-10-29 11:20:35] [INFO] ✓ GET /user/8/follow | Status: 200 | 10ms

[2025-10-29 11:20:36] [INFO] → GET /article?offset=0&limit=10&tagId=&pageOrder=date&userId=&idList=%5B%5D&keywords= | IP: ::1

[2025-10-29 11:20:36] [INFO] ✓ GET /article?offset=0&limit=10&tagId=&pageOrder=date&userId=&idList=%5B%5D&keywords= | Status: 200 | 9ms

[2025-10-29 11:20:37] [INFO] → GET /article/images/1685545493482.png-cover?type=small | IP: ::1

[2025-10-29 11:20:37] [INFO] ✓ GET /article/images/1685545493482.png-cover?type=small | Status: 200 | 3ms

[2025-10-29 11:20:38] [INFO] → GET /article?offset=10&limit=10&tagId=&pageOrder=date&userId=&idList=%5B%5D&keywords= | IP: ::1

[2025-10-29 11:20:38] [INFO] ✓ GET /article?offset=10&limit=10&tagId=&pageOrder=date&userId=&idList=%5B%5D&keywords= | Status: 200 | 10ms

[2025-10-29 11:20:38] [INFO] → GET /user/4/avatar | IP: ::1

[2025-10-29 11:20:38] [INFO] ✓ GET /user/4/avatar | Status: 200 | 3ms

[2025-10-29 11:20:38] [INFO] → GET /user/2/avatar | IP: ::1

[2025-10-29 11:20:38] [INFO] ✓ GET /user/2/avatar | Status: 200 | 2ms

[2025-10-29 11:20:38] [INFO] → GET /user/3/avatar | IP: ::1

[2025-10-29 11:20:38] [INFO] ✓ GET /user/3/avatar | Status: 200 | 3ms

[2025-10-29 11:20:38] [INFO] → GET /user/1/avatar | IP: ::1

[2025-10-29 11:20:38] [INFO] ✓ GET /user/1/avatar | Status: 200 | 2ms

[2025-10-29 11:20:38] [INFO] → GET /article/images/1685544271887.jpg-cover?type=small | IP: ::1

[2025-10-29 11:20:38] [INFO] → GET /article/images/1685531482816.png-cover?type=small | IP: ::1

[2025-10-29 11:20:38] [INFO] → GET /article/images/1685543790008.png-cover?type=small | IP: ::1

[2025-10-29 11:20:38] [INFO] → GET /article/images/1685542264455.jpg-cover?type=small | IP: ::1

[2025-10-29 11:20:38] [INFO] ✓ GET /article/images/1685544271887.jpg-cover?type=small | Status: 200 | 13ms

[2025-10-29 11:20:38] [INFO] ✓ GET /article/images/1685531482816.png-cover?type=small | Status: 200 | 11ms

[2025-10-29 11:20:38] [INFO] → GET /article/images/1685532236865.png-cover?type=small | IP: ::1

[2025-10-29 11:20:38] [INFO] ✓ GET /article/images/1685543790008.png-cover?type=small | Status: 200 | 11ms

[2025-10-29 11:20:38] [INFO] → GET /article/images/1685021156287.png-cover?type=small | IP: ::1

[2025-10-29 11:20:38] [INFO] ✓ GET /article/images/1685542264455.jpg-cover?type=small | Status: 200 | 10ms

[2025-10-29 11:20:38] [INFO] ✓ GET /article/images/1685532236865.png-cover?type=small | Status: 200 | 7ms

[2025-10-29 11:20:38] [INFO] ✓ GET /article/images/1685021156287.png-cover?type=small | Status: 200 | 4ms

[2025-10-29 11:20:38] [INFO] → GET /article/images/1685020978917.png-cover?type=small | IP: ::1

[2025-10-29 11:20:38] [INFO] → GET /article/images/1685020211629.jpg-cover?type=small | IP: ::1

[2025-10-29 11:20:38] [INFO] ✓ GET /article/images/1685020978917.png-cover?type=small | Status: 200 | 4ms

[2025-10-29 11:20:38] [INFO] ✓ GET /article/images/1685020211629.jpg-cover?type=small | Status: 200 | 1ms

[2025-10-29 11:20:38] [INFO] → GET /article/images/1685020083363.jpg-cover?type=small | IP: ::1

[2025-10-29 11:20:38] [INFO] ✓ GET /article/images/1685020083363.jpg-cover?type=small | Status: 200 | 1ms

[2025-10-29 11:20:38] [INFO] → GET /article/images/1685019719021.png-cover?type=small | IP: ::1

[2025-10-29 11:20:38] [INFO] ✓ GET /article/images/1685019719021.png-cover?type=small | Status: 200 | 2ms

[2025-10-29 11:20:39] [INFO] → GET /article?offset=20&limit=10&tagId=&pageOrder=date&userId=&idList=%5B%5D&keywords= | IP: ::1

[2025-10-29 11:20:39] [INFO] ✓ GET /article?offset=20&limit=10&tagId=&pageOrder=date&userId=&idList=%5B%5D&keywords= | Status: 200 | 5ms

[2025-10-29 11:20:39] [INFO] → GET /user/3/avatar | IP: ::1

[2025-10-29 11:20:39] [INFO] ✓ GET /user/3/avatar | Status: 200 | 2ms

[2025-10-29 11:20:39] [INFO] → GET /user/2/avatar | IP: ::1

[2025-10-29 11:20:39] [INFO] ✓ GET /user/2/avatar | Status: 200 | 3ms

[2025-10-29 11:20:39] [INFO] → GET /user/1/avatar | IP: ::1

[2025-10-29 11:20:39] [INFO] ✓ GET /user/1/avatar | Status: 200 | 4ms

[2025-10-29 11:20:39] [INFO] → GET /article/images/1684519193732.png-cover?type=small | IP: ::1

[2025-10-29 11:20:39] [INFO] → GET /article/images/1685019137604.jpg-cover?type=small | IP: ::1

[2025-10-29 11:20:39] [INFO] → GET /article/images/1684518290772.png-cover?type=small | IP: ::1

[2025-10-29 11:20:39] [INFO] ✓ GET /article/images/1684519193732.png-cover?type=small | Status: 200 | 5ms

[2025-10-29 11:20:39] [INFO] ✓ GET /article/images/1685019137604.jpg-cover?type=small | Status: 200 | 4ms

[2025-10-29 11:20:39] [INFO] ✓ GET /article/images/1684518290772.png-cover?type=small | Status: 200 | 3ms

[2025-10-29 11:20:40] [INFO] → GET /article?offset=30&limit=10&tagId=&pageOrder=date&userId=&idList=%5B%5D&keywords= | IP: ::1

[2025-10-29 11:20:40] [INFO] ✓ GET /article?offset=30&limit=10&tagId=&pageOrder=date&userId=&idList=%5B%5D&keywords= | Status: 200 | 14ms

[2025-10-29 11:20:47] [INFO] → GET /article/search?keywords=te | IP: ::1

[2025-10-29 11:20:47] [INFO] ✓ GET /article/search?keywords=te | Status: 200 | 5ms

[2025-10-29 11:21:06] [INFO] → PUT /article/70/view | IP: ::1

[2025-10-29 11:21:07] [INFO] ✓ PUT /article/70/view | Status: 200 | 56ms

[2025-10-29 11:21:07] [INFO] → GET /user/undefined/like | IP: ::1

[2025-10-29 11:21:07] [INFO] → GET /article/70 | IP: ::1

[2025-10-29 11:21:07] [INFO] ✓ GET /user/undefined/like | Status: 200 | 6ms

[2025-10-29 11:21:07] [INFO] ✓ GET /article/70 | Status: 200 | 8ms

[2025-10-29 11:21:07] [INFO] → GET /collect/undefined?offset=0&limit=10 | IP: ::1

[2025-10-29 11:21:07] [INFO] ✓ GET /collect/undefined?offset=0&limit=10 | Status: 200 | 12ms

[2025-10-29 11:21:07] [INFO] → GET /user/8/avatar | IP: ::1

[2025-10-29 11:21:07] [INFO] ✓ GET /user/8/avatar | Status: 200 | 2ms

[2025-10-29 11:21:10] [INFO] → GET /tag | IP: ::1

[2025-10-29 11:21:10] [INFO] → GET /article/recommend?offset=0&limit=10 | IP: ::1

[2025-10-29 11:21:10] [INFO] ✓ GET /tag | Status: 200 | 5ms

[2025-10-29 11:21:10] [INFO] → GET /article?offset=0&limit=10&tagId=&pageOrder=date&userId=&idList=%5B%5D&keywords= | IP: ::1

[2025-10-29 11:21:10] [INFO] ✓ GET /article/recommend?offset=0&limit=10 | Status: 200 | 4ms

[2025-10-29 11:21:10] [INFO] ✓ GET /article?offset=0&limit=10&tagId=&pageOrder=date&userId=&idList=%5B%5D&keywords= | Status: 200 | 10ms

[2025-10-29 11:21:10] [INFO] → GET /user/7/avatar | IP: ::1

[2025-10-29 11:21:10] [INFO] → GET /user/6/avatar | IP: ::1

[2025-10-29 11:21:10] [INFO] ✓ GET /user/7/avatar | Status: 200 | 4ms

[2025-10-29 11:21:10] [INFO] → GET /user/5/avatar | IP: ::1

[2025-10-29 11:21:10] [INFO] ✓ GET /user/6/avatar | Status: 200 | 5ms

[2025-10-29 11:21:10] [INFO] → GET /user/3/avatar | IP: ::1

[2025-10-29 11:21:10] [INFO] ✓ GET /user/5/avatar | Status: 200 | 9ms

[2025-10-29 11:21:10] [INFO] → GET /user/2/avatar | IP: ::1

[2025-10-29 11:21:10] [INFO] ✓ GET /user/2/avatar | Status: 200 | 4ms

[2025-10-29 11:21:10] [INFO] ✓ GET /user/3/avatar | Status: 200 | 13ms

[2025-10-29 11:21:10] [INFO] → GET /user/4/avatar | IP: ::1

[2025-10-29 11:21:10] [INFO] ✓ GET /user/4/avatar | Status: 200 | 13ms

[2025-10-29 11:21:10] [INFO] → GET /article/images/1685622311147.png-cover?type=small | IP: ::1

[2025-10-29 11:21:10] [INFO] → GET /article/images/1686218679815.jpg-cover?type=small | IP: ::1

[2025-10-29 11:21:10] [INFO] → GET /article/images/1686221837379.png-cover?type=small | IP: ::1

[2025-10-29 11:21:10] [INFO] → GET /article/images/1686220507024.jpg-cover?type=small | IP: ::1

[2025-10-29 11:21:10] [INFO] ✓ GET /article/images/1686218679815.jpg-cover?type=small | Status: 200 | 3ms

[2025-10-29 11:21:10] [INFO] ✓ GET /article/images/1685622311147.png-cover?type=small | Status: 200 | 7ms

[2025-10-29 11:21:10] [INFO] → GET /article/images/1686219335028.jpg-cover?type=small | IP: ::1

[2025-10-29 11:21:10] [INFO] ✓ GET /article/images/1686221837379.png-cover?type=small | Status: 200 | 3ms

[2025-10-29 11:21:10] [INFO] → GET /article/images/1685613097871.png-cover?type=small | IP: ::1

[2025-10-29 11:21:10] [INFO] ✓ GET /article/images/1686220507024.jpg-cover?type=small | Status: 200 | 3ms

[2025-10-29 11:21:10] [INFO] ✓ GET /article/images/1686219335028.jpg-cover?type=small | Status: 200 | 2ms

[2025-10-29 11:21:10] [INFO] ✓ GET /article/images/1685613097871.png-cover?type=small | Status: 200 | 6ms

[2025-10-29 11:21:10] [INFO] → GET /article/images/1685612251452.png-cover?type=small | IP: ::1

[2025-10-29 11:21:10] [INFO] ✓ GET /article/images/1685612251452.png-cover?type=small | Status: 200 | 6ms

[2025-10-29 11:21:10] [INFO] → GET /article/images/1685611740220.png-cover?type=small | IP: ::1

[2025-10-29 11:21:10] [INFO] → GET /article/images/1685546152822.png-cover?type=small | IP: ::1

[2025-10-29 11:21:10] [INFO] → GET /article/images/1685545493482.png-cover?type=small | IP: ::1

[2025-10-29 11:21:10] [INFO] ✓ GET /article/images/1685546152822.png-cover?type=small | Status: 200 | 2ms

[2025-10-29 11:21:10] [INFO] ✓ GET /article/images/1685611740220.png-cover?type=small | Status: 200 | 3ms

[2025-10-29 11:21:10] [INFO] ✓ GET /article/images/1685545493482.png-cover?type=small | Status: 200 | 3ms

[2025-10-29 11:21:11] [INFO] → GET /user/7/follow | IP: ::1

[2025-10-29 11:21:11] [INFO] ✓ GET /user/7/follow | Status: 200 | 3ms

[2025-10-29 11:21:15] [INFO] → GET /article?offset=10&limit=10&tagId=&pageOrder=date&userId=&idList=%5B%5D&keywords= | IP: ::1

[2025-10-29 11:21:15] [INFO] ✓ GET /article?offset=10&limit=10&tagId=&pageOrder=date&userId=&idList=%5B%5D&keywords= | Status: 200 | 7ms

[2025-10-29 11:21:15] [INFO] → GET /user/1/avatar | IP: ::1

[2025-10-29 11:21:15] [INFO] ✓ GET /user/1/avatar | Status: 200 | 2ms

[2025-10-29 11:21:15] [INFO] → GET /article/images/1685544271887.jpg-cover?type=small | IP: ::1

[2025-10-29 11:21:15] [INFO] ✓ GET /article/images/1685544271887.jpg-cover?type=small | Status: 200 | 4ms

[2025-10-29 11:21:15] [INFO] → GET /article/images/1685543790008.png-cover?type=small | IP: ::1

[2025-10-29 11:21:15] [INFO] → GET /article/images/1685542264455.jpg-cover?type=small | IP: ::1

[2025-10-29 11:21:15] [INFO] → GET /article/images/1685532236865.png-cover?type=small | IP: ::1

[2025-10-29 11:21:15] [INFO] ✓ GET /article/images/1685543790008.png-cover?type=small | Status: 200 | 5ms

[2025-10-29 11:21:15] [INFO] → GET /article/images/1685531482816.png-cover?type=small | IP: ::1

[2025-10-29 11:21:15] [INFO] ✓ GET /article/images/1685542264455.jpg-cover?type=small | Status: 200 | 6ms

[2025-10-29 11:21:15] [INFO] → GET /article/images/1685020978917.png-cover?type=small | IP: ::1

[2025-10-29 11:21:15] [INFO] → GET /article/images/1685021156287.png-cover?type=small | IP: ::1

[2025-10-29 11:21:15] [INFO] ✓ GET /article/images/1685532236865.png-cover?type=small | Status: 200 | 7ms

[2025-10-29 11:21:15] [INFO] ✓ GET /article/images/1685020978917.png-cover?type=small | Status: 200 | 3ms

[2025-10-29 11:21:15] [INFO] ✓ GET /article/images/1685531482816.png-cover?type=small | Status: 200 | 5ms

[2025-10-29 11:21:15] [INFO] ✓ GET /article/images/1685021156287.png-cover?type=small | Status: 200 | 2ms

[2025-10-29 11:21:15] [INFO] → GET /article/images/1685020211629.jpg-cover?type=small | IP: ::1

[2025-10-29 11:21:15] [INFO] ✓ GET /article/images/1685020211629.jpg-cover?type=small | Status: 200 | 1ms

[2025-10-29 11:21:15] [INFO] → GET /article/images/1685020083363.jpg-cover?type=small | IP: ::1

[2025-10-29 11:21:15] [INFO] ✓ GET /article/images/1685020083363.jpg-cover?type=small | Status: 200 | 2ms

[2025-10-29 11:21:15] [INFO] → GET /article/images/1685019719021.png-cover?type=small | IP: ::1

[2025-10-29 11:21:15] [INFO] ✓ GET /article/images/1685019719021.png-cover?type=small | Status: 200 | 3ms

[2025-10-29 11:21:16] [INFO] → GET /article?offset=20&limit=10&tagId=&pageOrder=date&userId=&idList=%5B%5D&keywords= | IP: ::1

[2025-10-29 11:21:16] [INFO] ✓ GET /article?offset=20&limit=10&tagId=&pageOrder=date&userId=&idList=%5B%5D&keywords= | Status: 200 | 8ms

[2025-10-29 11:21:16] [INFO] → GET /article/images/1685019137604.jpg-cover?type=small | IP: ::1

[2025-10-29 11:21:16] [INFO] → GET /article/images/1684519193732.png-cover?type=small | IP: ::1

[2025-10-29 11:21:16] [INFO] → GET /article/images/1684518290772.png-cover?type=small | IP: ::1

[2025-10-29 11:21:16] [INFO] ✓ GET /article/images/1685019137604.jpg-cover?type=small | Status: 200 | 7ms

[2025-10-29 11:21:16] [INFO] ✓ GET /article/images/1684519193732.png-cover?type=small | Status: 200 | 7ms

[2025-10-29 11:21:16] [INFO] ✓ GET /article/images/1684518290772.png-cover?type=small | Status: 200 | 4ms

[2025-10-29 11:21:16] [INFO] → GET /article?offset=30&limit=10&tagId=&pageOrder=date&userId=&idList=%5B%5D&keywords= | IP: ::1

[2025-10-29 11:21:16] [INFO] ✓ GET /article?offset=30&limit=10&tagId=&pageOrder=date&userId=&idList=%5B%5D&keywords= | Status: 200 | 7ms

[2025-10-29 11:21:21] [INFO] → GET /user/8/follow | IP: ::1

[2025-10-29 11:21:21] [INFO] ✓ GET /user/8/follow | Status: 200 | 5ms

[2025-10-29 11:21:23] [INFO] → GET /user/hot | IP: ::1

[2025-10-29 11:21:23] [INFO] ✓ GET /user/hot | Status: 200 | 8ms

[2025-10-29 11:21:26] [INFO] → GET /tag | IP: ::1

[2025-10-29 11:21:26] [INFO] → GET /article/recommend?offset=0&limit=10 | IP: ::1

[2025-10-29 11:21:26] [INFO] ✓ GET /tag | Status: 200 | 5ms

[2025-10-29 11:21:26] [INFO] → GET /article?offset=0&limit=10&tagId=&pageOrder=date&userId=&idList=%5B%5D&keywords= | IP: ::1

[2025-10-29 11:21:26] [INFO] ✓ GET /article/recommend?offset=0&limit=10 | Status: 200 | 7ms

[2025-10-29 11:21:26] [INFO] ✓ GET /article?offset=0&limit=10&tagId=&pageOrder=date&userId=&idList=%5B%5D&keywords= | Status: 200 | 9ms

[2025-10-29 11:21:27] [INFO] → GET /user/8/follow | IP: ::1

[2025-10-29 11:21:27] [INFO] ✓ GET /user/8/follow | Status: 200 | 3ms

[2025-10-29 11:21:28] [INFO] → GET /user/8/profile | IP: ::1

[2025-10-29 11:21:28] [INFO] → GET /user/8/follow | IP: ::1

[2025-10-29 11:21:28] [INFO] ✓ GET /user/8/follow | Status: 200 | 2ms

[2025-10-29 11:21:28] [INFO] ✓ GET /user/8/profile | Status: 200 | 4ms

[2025-10-29 11:21:28] [INFO] → GET /article?offset=0&limit=10&tagId=&pageOrder=date&userId=8&idList=%5B%5D&keywords= | IP: ::1

[2025-10-29 11:21:28] [INFO] ✓ GET /article?offset=0&limit=10&tagId=&pageOrder=date&userId=8&idList=%5B%5D&keywords= | Status: 200 | 4ms

[2025-10-29 11:21:28] [INFO] → GET /user/8/follow | IP: ::1

[2025-10-29 11:21:28] [INFO] ✓ GET /user/8/follow | Status: 200 | 2ms

[2025-10-29 11:21:30] [INFO] → GET /user/8/follow | IP: ::1

[2025-10-29 11:21:30] [INFO] ✓ GET /user/8/follow | Status: 200 | 4ms

[2025-10-29 11:21:34] [INFO] → GET /user/8/follow | IP: ::1

[2025-10-29 11:21:34] [INFO] → GET /user/8/profile | IP: ::1

[2025-10-29 11:21:34] [INFO] ✓ GET /user/8/follow | Status: 200 | 7ms

[2025-10-29 11:21:34] [INFO] ✓ GET /user/8/profile | Status: 200 | 9ms

[2025-10-29 11:21:34] [INFO] → GET /user/8/avatar | IP: ::1

[2025-10-29 11:21:34] [INFO] → GET /article?offset=0&limit=10&tagId=&pageOrder=date&userId=8&idList=%5B%5D&keywords= | IP: ::1

[2025-10-29 11:21:34] [INFO] ✓ GET /user/8/avatar | Status: 200 | 5ms

[2025-10-29 11:21:34] [INFO] ✓ GET /article?offset=0&limit=10&tagId=&pageOrder=date&userId=8&idList=%5B%5D&keywords= | Status: 200 | 2ms

[2025-10-29 11:21:34] [INFO] → GET /article/images/1686221837379.png-cover?type=small | IP: ::1

[2025-10-29 11:21:34] [INFO] ✓ GET /article/images/1686221837379.png-cover?type=small | Status: 200 | 3ms

[2025-10-29 11:22:48] [INFO] → GET /user/8/profile | IP: ::1

[2025-10-29 11:22:48] [INFO] → GET /user/8/follow | IP: ::1

[2025-10-29 11:22:48] [INFO] ✓ GET /user/8/profile | Status: 200 | 28ms

[2025-10-29 11:22:48] [INFO] ✓ GET /user/8/follow | Status: 200 | 21ms

[2025-10-29 11:22:48] [INFO] → GET /user/8/avatar | IP: ::1

[2025-10-29 11:22:48] [INFO] ✓ GET /user/8/avatar | Status: 200 | 5ms

[2025-10-29 11:22:48] [INFO] → GET /article?offset=0&limit=10&tagId=&pageOrder=date&userId=8&idList=%5B%5D&keywords= | IP: ::1

[2025-10-29 11:22:48] [INFO] ✓ GET /article?offset=0&limit=10&tagId=&pageOrder=date&userId=8&idList=%5B%5D&keywords= | Status: 200 | 12ms

[2025-10-29 11:22:48] [INFO] → GET /user/8/avatar | IP: ::1

[2025-10-29 11:22:48] [INFO] ✓ GET /user/8/avatar | Status: 200 | 3ms

[2025-10-29 11:22:48] [INFO] → GET /article/images/1686221837379.png-cover?type=small | IP: ::1

[2025-10-29 11:22:48] [INFO] ✓ GET /article/images/1686221837379.png-cover?type=small | Status: 200 | 2ms

[2025-10-29 11:22:49] [INFO] → GET /user/8/follow | IP: ::1

[2025-10-29 11:22:49] [INFO] ✓ GET /user/8/follow | Status: 200 | 1ms

[2025-10-29 11:22:49] [INFO] → GET /tag | IP: ::1

[2025-10-29 11:22:49] [INFO] → GET /article/recommend?offset=0&limit=10 | IP: ::1

[2025-10-29 11:22:49] [INFO] ✓ GET /tag | Status: 200 | 4ms

[2025-10-29 11:22:49] [INFO] → GET /article?offset=0&limit=10&tagId=&pageOrder=date&userId=&idList=%5B%5D&keywords= | IP: ::1

[2025-10-29 11:22:49] [INFO] ✓ GET /article/recommend?offset=0&limit=10 | Status: 200 | 7ms

[2025-10-29 11:22:49] [INFO] ✓ GET /article?offset=0&limit=10&tagId=&pageOrder=date&userId=&idList=%5B%5D&keywords= | Status: 200 | 8ms

[2025-10-29 11:22:49] [INFO] → GET /user/8/avatar | IP: ::1

[2025-10-29 11:22:49] [INFO] ✓ GET /user/8/avatar | Status: 200 | 3ms

[2025-10-29 11:22:49] [INFO] → GET /article/images/1686221837379.png-cover?type=small | IP: ::1

[2025-10-29 11:22:49] [INFO] ✓ GET /article/images/1686221837379.png-cover?type=small | Status: 200 | 2ms

[2025-10-29 11:22:49] [INFO] → GET /user/7/avatar | IP: ::1

[2025-10-29 11:22:49] [INFO] → GET /user/3/avatar | IP: ::1

[2025-10-29 11:22:49] [INFO] ✓ GET /user/7/avatar | Status: 200 | 4ms

[2025-10-29 11:22:49] [INFO] → GET /user/6/avatar | IP: ::1

[2025-10-29 11:22:49] [INFO] ✓ GET /user/3/avatar | Status: 200 | 4ms

[2025-10-29 11:22:49] [INFO] → GET /user/5/avatar | IP: ::1

[2025-10-29 11:22:49] [INFO] ✓ GET /user/6/avatar | Status: 200 | 6ms

[2025-10-29 11:22:49] [INFO] → GET /user/2/avatar | IP: ::1

[2025-10-29 11:22:49] [INFO] ✓ GET /user/5/avatar | Status: 200 | 7ms

[2025-10-29 11:22:49] [INFO] → GET /user/4/avatar | IP: ::1

[2025-10-29 11:22:49] [INFO] ✓ GET /user/2/avatar | Status: 200 | 6ms

[2025-10-29 11:22:49] [INFO] ✓ GET /user/4/avatar | Status: 200 | 6ms

[2025-10-29 11:22:49] [INFO] → GET /article/images/1686220507024.jpg-cover?type=small | IP: ::1

[2025-10-29 11:22:49] [INFO] → GET /article/images/1686219335028.jpg-cover?type=small | IP: ::1

[2025-10-29 11:22:49] [INFO] ✓ GET /article/images/1686220507024.jpg-cover?type=small | Status: 200 | 3ms

[2025-10-29 11:22:49] [INFO] → GET /article/images/1686218679815.jpg-cover?type=small | IP: ::1

[2025-10-29 11:22:49] [INFO] ✓ GET /article/images/1686219335028.jpg-cover?type=small | Status: 200 | 5ms

[2025-10-29 11:22:49] [INFO] → GET /article/images/1685622311147.png-cover?type=small | IP: ::1

[2025-10-29 11:22:49] [INFO] ✓ GET /article/images/1686218679815.jpg-cover?type=small | Status: 200 | 6ms

[2025-10-29 11:22:49] [INFO] → GET /article/images/1685613097871.png-cover?type=small | IP: ::1

[2025-10-29 11:22:49] [INFO] → GET /article/images/1685612251452.png-cover?type=small | IP: ::1

[2025-10-29 11:22:49] [INFO] ✓ GET /article/images/1685622311147.png-cover?type=small | Status: 200 | 12ms

[2025-10-29 11:22:49] [INFO] ✓ GET /article/images/1685613097871.png-cover?type=small | Status: 200 | 10ms

[2025-10-29 11:22:49] [INFO] → GET /article/images/1685611740220.png-cover?type=small | IP: ::1

[2025-10-29 11:22:49] [INFO] ✓ GET /article/images/1685612251452.png-cover?type=small | Status: 200 | 9ms

[2025-10-29 11:22:49] [INFO] → GET /article/images/1685546152822.png-cover?type=small | IP: ::1

[2025-10-29 11:22:49] [INFO] ✓ GET /article/images/1685611740220.png-cover?type=small | Status: 200 | 2ms

[2025-10-29 11:22:49] [INFO] ✓ GET /article/images/1685546152822.png-cover?type=small | Status: 200 | 1ms

[2025-10-29 11:58:56] [INFO] → GET /article/recommend?offset=0&limit=10 | IP: ::1

[2025-10-29 11:58:56] [INFO] → GET /article?offset=0&limit=10&tagId=&pageOrder=date&userId=&idList=%5B%5D&keywords= | IP: ::1

[2025-10-29 11:58:56] [INFO] ✓ GET /article/recommend?offset=0&limit=10 | Status: 200 | 19ms

[2025-10-29 11:58:56] [INFO] → GET /tag | IP: ::1

[2025-10-29 11:58:56] [INFO] ✓ GET /tag | Status: 200 | 14ms

[2025-10-29 11:58:56] [INFO] ✓ GET /article?offset=0&limit=10&tagId=&pageOrder=date&userId=&idList=%5B%5D&keywords= | Status: 200 | 42ms

[2025-10-29 11:58:56] [INFO] → GET /user/8/avatar | IP: ::1

[2025-10-29 11:58:56] [INFO] → GET /user/5/avatar | IP: ::1

[2025-10-29 11:58:56] [INFO] ✓ GET /user/8/avatar | Status: 200 | 7ms

[2025-10-29 11:58:56] [INFO] → GET /user/2/avatar | IP: ::1

[2025-10-29 11:58:56] [INFO] ✓ GET /user/5/avatar | Status: 200 | 6ms

[2025-10-29 11:58:56] [INFO] → GET /user/7/avatar | IP: ::1

[2025-10-29 11:58:56] [INFO] ✓ GET /user/2/avatar | Status: 200 | 4ms

[2025-10-29 11:58:56] [INFO] → GET /user/6/avatar | IP: ::1

[2025-10-29 11:58:56] [INFO] ✓ GET /user/7/avatar | Status: 200 | 6ms

[2025-10-29 11:58:56] [INFO] → GET /user/3/avatar | IP: ::1

[2025-10-29 11:58:56] [INFO] ✓ GET /user/6/avatar | Status: 200 | 14ms

[2025-10-29 11:58:56] [INFO] ✓ GET /user/3/avatar | Status: 200 | 10ms

[2025-10-29 11:58:56] [INFO] → GET /article/images/1686221837379.png-cover?type=small | IP: ::1

[2025-10-29 11:58:56] [INFO] → GET /user/4/avatar | IP: ::1

[2025-10-29 11:58:56] [INFO] → GET /article/images/1686220507024.jpg-cover?type=small | IP: ::1

[2025-10-29 11:58:56] [INFO] ✓ GET /article/images/1686221837379.png-cover?type=small | Status: 200 | 10ms

[2025-10-29 11:58:56] [INFO] ✓ GET /user/4/avatar | Status: 200 | 10ms

[2025-10-29 11:58:56] [INFO] ✓ GET /article/images/1686220507024.jpg-cover?type=small | Status: 200 | 14ms

[2025-10-29 11:58:56] [INFO] → GET /article/images/1686219335028.jpg-cover?type=small | IP: ::1

[2025-10-29 11:58:56] [INFO] → GET /article/images/1686218679815.jpg-cover?type=small | IP: ::1

[2025-10-29 11:58:56] [INFO] ✓ GET /article/images/1686219335028.jpg-cover?type=small | Status: 200 | 11ms

[2025-10-29 11:58:56] [INFO] ✓ GET /article/images/1686218679815.jpg-cover?type=small | Status: 200 | 11ms

[2025-10-29 11:58:56] [INFO] → GET /article/images/1685622311147.png-cover?type=small | IP: ::1

[2025-10-29 11:58:56] [INFO] → GET /article/images/1685613097871.png-cover?type=small | IP: ::1

[2025-10-29 11:58:56] [INFO] → GET /article/images/1685612251452.png-cover?type=small | IP: ::1

[2025-10-29 11:58:56] [INFO] ✓ GET /article/images/1685622311147.png-cover?type=small | Status: 200 | 24ms

[2025-10-29 11:58:56] [INFO] ✓ GET /article/images/1685613097871.png-cover?type=small | Status: 200 | 16ms

[2025-10-29 11:58:56] [INFO] → GET /article/images/1685611740220.png-cover?type=small | IP: ::1

[2025-10-29 11:58:56] [INFO] ✓ GET /article/images/1685612251452.png-cover?type=small | Status: 200 | 8ms

[2025-10-29 11:58:56] [INFO] ✓ GET /article/images/1685611740220.png-cover?type=small | Status: 200 | 3ms

[2025-10-29 11:59:41] [INFO] → GET /user/8/follow | IP: ::1

[2025-10-29 11:59:41] [INFO] ✓ GET /user/8/follow | Status: 200 | 11ms

[2025-10-29 11:59:41] [INFO] → GET /article?offset=0&limit=10&tagId=&pageOrder=date&userId=&idList=%5B%5D&keywords= | IP: ::1

[2025-10-29 11:59:41] [INFO] ✓ GET /article?offset=0&limit=10&tagId=&pageOrder=date&userId=&idList=%5B%5D&keywords= | Status: 200 | 23ms

[2025-10-29 11:59:43] [INFO] → GET /tag | IP: ::1

[2025-10-29 11:59:43] [INFO] → GET /article/recommend?offset=0&limit=10 | IP: ::1

[2025-10-29 11:59:43] [INFO] ✓ GET /tag | Status: 200 | 3ms

[2025-10-29 11:59:43] [INFO] → GET /article?offset=0&limit=10&tagId=&pageOrder=date&userId=&idList=%5B%5D&keywords= | IP: ::1

[2025-10-29 11:59:43] [INFO] ✓ GET /article/recommend?offset=0&limit=10 | Status: 200 | 3ms

[2025-10-29 11:59:43] [INFO] ✓ GET /article?offset=0&limit=10&tagId=&pageOrder=date&userId=&idList=%5B%5D&keywords= | Status: 200 | 7ms

[2025-10-29 11:59:43] [INFO] → GET /user/8/avatar | IP: ::1

[2025-10-29 11:59:43] [INFO] → GET /user/7/avatar | IP: ::1

[2025-10-29 11:59:43] [INFO] ✓ GET /user/8/avatar | Status: 200 | 3ms

[2025-10-29 11:59:43] [INFO] → GET /user/6/avatar | IP: ::1

[2025-10-29 11:59:43] [INFO] ✓ GET /user/7/avatar | Status: 200 | 4ms

[2025-10-29 11:59:43] [INFO] → GET /user/5/avatar | IP: ::1

[2025-10-29 11:59:43] [INFO] ✓ GET /user/6/avatar | Status: 200 | 7ms

[2025-10-29 11:59:43] [INFO] → GET /user/3/avatar | IP: ::1

[2025-10-29 11:59:43] [INFO] ✓ GET /user/5/avatar | Status: 200 | 8ms

[2025-10-29 11:59:43] [INFO] → GET /user/2/avatar | IP: ::1

[2025-10-29 11:59:43] [INFO] ✓ GET /user/3/avatar | Status: 200 | 5ms

[2025-10-29 11:59:43] [INFO] ✓ GET /user/2/avatar | Status: 200 | 4ms

[2025-10-29 11:59:43] [INFO] → GET /article/images/1686219335028.jpg-cover?type=small | IP: ::1

[2025-10-29 11:59:43] [INFO] → GET /article/images/1686221837379.png-cover?type=small | IP: ::1

[2025-10-29 11:59:43] [INFO] → GET /article/images/1686220507024.jpg-cover?type=small | IP: ::1

[2025-10-29 11:59:43] [INFO] ✓ GET /article/images/1686221837379.png-cover?type=small | Status: 200 | 20ms

[2025-10-29 11:59:43] [INFO] ✓ GET /article/images/1686219335028.jpg-cover?type=small | Status: 200 | 36ms

[2025-10-29 11:59:43] [INFO] ✓ GET /article/images/1686220507024.jpg-cover?type=small | Status: 200 | 10ms

[2025-10-29 11:59:43] [INFO] → GET /article/images/1686218679815.jpg-cover?type=small | IP: ::1

[2025-10-29 11:59:43] [INFO] → GET /user/4/avatar | IP: ::1

[2025-10-29 11:59:43] [INFO] → GET /article/images/1685622311147.png-cover?type=small | IP: ::1

[2025-10-29 11:59:43] [INFO] ✓ GET /article/images/1686218679815.jpg-cover?type=small | Status: 200 | 2ms

[2025-10-29 11:59:43] [INFO] ✓ GET /user/4/avatar | Status: 200 | 3ms

[2025-10-29 11:59:43] [INFO] ✓ GET /article/images/1685622311147.png-cover?type=small | Status: 200 | 4ms

[2025-10-29 11:59:43] [INFO] → GET /article/images/1685613097871.png-cover?type=small | IP: ::1

[2025-10-29 11:59:43] [INFO] → GET /article/images/1685612251452.png-cover?type=small | IP: ::1

[2025-10-29 11:59:43] [INFO] ✓ GET /article/images/1685613097871.png-cover?type=small | Status: 200 | 3ms

[2025-10-29 11:59:43] [INFO] ✓ GET /article/images/1685612251452.png-cover?type=small | Status: 200 | 5ms

[2025-10-29 11:59:43] [INFO] → GET /article/images/1685611740220.png-cover?type=small | IP: ::1

[2025-10-29 11:59:43] [INFO] → GET /article/images/1685546152822.png-cover?type=small | IP: ::1

[2025-10-29 11:59:43] [INFO] ✓ GET /article/images/1685546152822.png-cover?type=small | Status: 200 | 2ms

[2025-10-29 11:59:43] [INFO] ✓ GET /article/images/1685611740220.png-cover?type=small | Status: 200 | 2ms

[2025-10-29 11:59:46] [INFO] → GET /tag | IP: ::1

[2025-10-29 11:59:46] [INFO] → GET /article/recommend?offset=0&limit=10 | IP: ::1

[2025-10-29 11:59:46] [INFO] ✓ GET /tag | Status: 200 | 3ms

[2025-10-29 11:59:46] [INFO] → GET /article?offset=0&limit=10&tagId=&pageOrder=date&userId=&idList=%5B%5D&keywords= | IP: ::1

[2025-10-29 11:59:46] [INFO] ✓ GET /article/recommend?offset=0&limit=10 | Status: 200 | 6ms

[2025-10-29 11:59:46] [INFO] ✓ GET /article?offset=0&limit=10&tagId=&pageOrder=date&userId=&idList=%5B%5D&keywords= | Status: 200 | 6ms

[2025-10-29 11:59:46] [INFO] → GET /user/8/avatar | IP: ::1

[2025-10-29 11:59:46] [INFO] ✓ GET /user/8/avatar | Status: 200 | 2ms

[2025-10-29 11:59:46] [INFO] → GET /article/images/1686221837379.png-cover?type=small | IP: ::1

[2025-10-29 11:59:46] [INFO] → GET /article/images/1686220507024.jpg-cover?type=small | IP: ::1

[2025-10-29 11:59:46] [INFO] → GET /user/7/avatar | IP: ::1

[2025-10-29 11:59:46] [INFO] ✓ GET /article/images/1686221837379.png-cover?type=small | Status: 200 | 5ms

[2025-10-29 11:59:46] [INFO] ✓ GET /article/images/1686220507024.jpg-cover?type=small | Status: 200 | 4ms

[2025-10-29 11:59:46] [INFO] ✓ GET /user/7/avatar | Status: 200 | 2ms

[2025-10-29 11:59:46] [INFO] → GET /user/6/avatar | IP: ::1

[2025-10-29 11:59:46] [INFO] → GET /article/images/1686219335028.jpg-cover?type=small | IP: ::1

[2025-10-29 11:59:46] [INFO] ✓ GET /user/6/avatar | Status: 200 | 2ms

[2025-10-29 11:59:46] [INFO] → GET /user/5/avatar | IP: ::1

[2025-10-29 11:59:46] [INFO] ✓ GET /article/images/1686219335028.jpg-cover?type=small | Status: 200 | 3ms

[2025-10-29 11:59:46] [INFO] → GET /article/images/1686218679815.jpg-cover?type=small | IP: ::1

[2025-10-29 11:59:46] [INFO] ✓ GET /user/5/avatar | Status: 200 | 3ms

[2025-10-29 11:59:46] [INFO] → GET /user/3/avatar | IP: ::1

[2025-10-29 11:59:46] [INFO] → GET /article/images/1685622311147.png-cover?type=small | IP: ::1

[2025-10-29 11:59:46] [INFO] ✓ GET /article/images/1686218679815.jpg-cover?type=small | Status: 200 | 3ms

[2025-10-29 11:59:46] [INFO] ✓ GET /user/3/avatar | Status: 200 | 3ms

[2025-10-29 11:59:46] [INFO] ✓ GET /article/images/1685622311147.png-cover?type=small | Status: 200 | 2ms

[2025-10-29 11:59:46] [INFO] → GET /article/images/1685613097871.png-cover?type=small | IP: ::1

[2025-10-29 11:59:46] [INFO] → GET /user/2/avatar | IP: ::1

[2025-10-29 11:59:46] [INFO] ✓ GET /user/2/avatar | Status: 200 | 3ms

[2025-10-29 11:59:46] [INFO] → GET /article/images/1685612251452.png-cover?type=small | IP: ::1

[2025-10-29 11:59:46] [INFO] → GET /article/images/1685611740220.png-cover?type=small | IP: ::1

[2025-10-29 11:59:46] [INFO] ✓ GET /article/images/1685613097871.png-cover?type=small | Status: 200 | 5ms

[2025-10-29 11:59:46] [INFO] → GET /user/4/avatar | IP: ::1

[2025-10-29 11:59:46] [INFO] → GET /article/images/1685546152822.png-cover?type=small | IP: ::1

[2025-10-29 11:59:46] [INFO] ✓ GET /user/4/avatar | Status: 200 | 0ms

[2025-10-29 11:59:46] [INFO] ✓ GET /article/images/1685612251452.png-cover?type=small | Status: 200 | 1ms

[2025-10-29 11:59:46] [INFO] ✓ GET /article/images/1685611740220.png-cover?type=small | Status: 200 | 1ms

[2025-10-29 11:59:46] [INFO] ✓ GET /article/images/1685546152822.png-cover?type=small | Status: 200 | 2ms

[2025-10-29 11:59:59] [INFO] → GET /user/hot | IP: ::1

[2025-10-29 11:59:59] [INFO] ✓ GET /user/hot | Status: 200 | 17ms

[2025-10-29 11:59:59] [INFO] → GET /user/1/avatar | IP: ::1

[2025-10-29 11:59:59] [INFO] → GET /user/2/avatar | IP: ::1

[2025-10-29 11:59:59] [INFO] ✓ GET /user/1/avatar | Status: 200 | 4ms

[2025-10-29 11:59:59] [INFO] ✓ GET /user/2/avatar | Status: 200 | 2ms

[2025-10-29 11:59:59] [INFO] → GET /user/3/avatar | IP: ::1

[2025-10-29 11:59:59] [INFO] ✓ GET /user/3/avatar | Status: 200 | 2ms

[2025-10-29 12:00:01] [INFO] → GET /tag | IP: ::1

[2025-10-29 12:00:01] [INFO] ✓ GET /tag | Status: 200 | 11ms

[2025-10-29 12:00:01] [INFO] → GET /article/recommend?offset=0&limit=10 | IP: ::1

[2025-10-29 12:00:01] [INFO] ✓ GET /article/recommend?offset=0&limit=10 | Status: 200 | 4ms

[2025-10-29 12:00:01] [INFO] → GET /article?offset=0&limit=10&tagId=&pageOrder=date&userId=&idList=%5B%5D&keywords= | IP: ::1

[2025-10-29 12:00:01] [INFO] ✓ GET /article?offset=0&limit=10&tagId=&pageOrder=date&userId=&idList=%5B%5D&keywords= | Status: 200 | 12ms

[2025-10-29 12:00:01] [INFO] → GET /user/8/avatar | IP: ::1

[2025-10-29 12:00:01] [INFO] → GET /user/7/avatar | IP: ::1

[2025-10-29 12:00:01] [INFO] ✓ GET /user/8/avatar | Status: 200 | 8ms

[2025-10-29 12:00:01] [INFO] ✓ GET /user/7/avatar | Status: 200 | 3ms

[2025-10-29 12:00:01] [INFO] → GET /user/6/avatar | IP: ::1

[2025-10-29 12:00:01] [INFO] ✓ GET /user/6/avatar | Status: 200 | 6ms

[2025-10-29 12:00:01] [INFO] → GET /user/5/avatar | IP: ::1

[2025-10-29 12:00:01] [INFO] → GET /user/4/avatar | IP: ::1

[2025-10-29 12:00:01] [INFO] ✓ GET /user/5/avatar | Status: 200 | 2ms

[2025-10-29 12:00:01] [INFO] → GET /article/images/1686221837379.png-cover?type=small | IP: ::1

[2025-10-29 12:00:01] [INFO] ✓ GET /user/4/avatar | Status: 200 | 2ms

[2025-10-29 12:00:01] [INFO] → GET /article/images/1686220507024.jpg-cover?type=small | IP: ::1

[2025-10-29 12:00:01] [INFO] → GET /article/images/1686219335028.jpg-cover?type=small | IP: ::1

[2025-10-29 12:00:01] [INFO] ✓ GET /article/images/1686220507024.jpg-cover?type=small | Status: 200 | 17ms

[2025-10-29 12:00:01] [INFO] ✓ GET /article/images/1686221837379.png-cover?type=small | Status: 200 | 27ms

[2025-10-29 12:00:01] [INFO] ✓ GET /article/images/1686219335028.jpg-cover?type=small | Status: 200 | 17ms

[2025-10-29 12:00:01] [INFO] → GET /article/images/1686218679815.jpg-cover?type=small | IP: ::1

[2025-10-29 12:00:01] [INFO] ✓ GET /article/images/1686218679815.jpg-cover?type=small | Status: 200 | 4ms

[2025-10-29 12:00:01] [INFO] → GET /article/images/1685622311147.png-cover?type=small | IP: ::1

[2025-10-29 12:00:01] [INFO] → GET /article/images/1685613097871.png-cover?type=small | IP: ::1

[2025-10-29 12:00:01] [INFO] ✓ GET /article/images/1685622311147.png-cover?type=small | Status: 200 | 1ms

[2025-10-29 12:00:01] [INFO] → GET /article/images/1685612251452.png-cover?type=small | IP: ::1

[2025-10-29 12:00:01] [INFO] ✓ GET /article/images/1685613097871.png-cover?type=small | Status: 200 | 18ms

[2025-10-29 12:00:01] [INFO] → GET /article/images/1685611740220.png-cover?type=small | IP: ::1

[2025-10-29 12:00:01] [INFO] → GET /article/images/1685546152822.png-cover?type=small | IP: ::1

[2025-10-29 12:00:01] [INFO] ✓ GET /article/images/1685612251452.png-cover?type=small | Status: 200 | 20ms

[2025-10-29 12:00:01] [INFO] ✓ GET /article/images/1685611740220.png-cover?type=small | Status: 200 | 8ms

[2025-10-29 12:00:01] [INFO] ✓ GET /article/images/1685546152822.png-cover?type=small | Status: 200 | 7ms

[2025-10-29 12:00:01] [INFO] → GET /tag | IP: ::1

[2025-10-29 12:00:01] [INFO] → GET /article/recommend?offset=0&limit=10 | IP: ::1

[2025-10-29 12:00:01] [INFO] ✓ GET /tag | Status: 200 | 4ms

[2025-10-29 12:00:01] [INFO] → GET /article?offset=0&limit=10&tagId=&pageOrder=date&userId=&idList=%5B%5D&keywords= | IP: ::1

[2025-10-29 12:00:01] [INFO] ✓ GET /article/recommend?offset=0&limit=10 | Status: 200 | 4ms

[2025-10-29 12:00:01] [INFO] ✓ GET /article?offset=0&limit=10&tagId=&pageOrder=date&userId=&idList=%5B%5D&keywords= | Status: 200 | 8ms

[2025-10-29 12:00:02] [INFO] → GET /user/8/avatar | IP: ::1

[2025-10-29 12:00:02] [INFO] → GET /article/images/1686221837379.png-cover?type=small | IP: ::1

[2025-10-29 12:00:02] [INFO] ✓ GET /user/8/avatar | Status: 200 | 3ms

[2025-10-29 12:00:02] [INFO] ✓ GET /article/images/1686221837379.png-cover?type=small | Status: 200 | 2ms

[2025-10-29 12:00:02] [INFO] → GET /user/7/avatar | IP: ::1

[2025-10-29 12:00:02] [INFO] → GET /article/images/1686220507024.jpg-cover?type=small | IP: ::1

[2025-10-29 12:00:02] [INFO] → GET /user/6/avatar | IP: ::1

[2025-10-29 12:00:02] [INFO] ✓ GET /user/7/avatar | Status: 200 | 5ms

[2025-10-29 12:00:02] [INFO] ✓ GET /article/images/1686220507024.jpg-cover?type=small | Status: 200 | 5ms

[2025-10-29 12:00:02] [INFO] ✓ GET /user/6/avatar | Status: 200 | 5ms

[2025-10-29 12:00:02] [INFO] → GET /article/images/1686219335028.jpg-cover?type=small | IP: ::1

[2025-10-29 12:00:02] [INFO] → GET /article/images/1686218679815.jpg-cover?type=small | IP: ::1

[2025-10-29 12:00:02] [INFO] ✓ GET /article/images/1686219335028.jpg-cover?type=small | Status: 200 | 3ms

[2025-10-29 12:00:02] [INFO] ✓ GET /article/images/1686218679815.jpg-cover?type=small | Status: 200 | 2ms

[2025-10-29 12:00:02] [INFO] → GET /user/5/avatar | IP: ::1

[2025-10-29 12:00:02] [INFO] → GET /user/3/avatar | IP: ::1

[2025-10-29 12:00:02] [INFO] → GET /article/images/1685622311147.png-cover?type=small | IP: ::1

[2025-10-29 12:00:02] [INFO] ✓ GET /user/5/avatar | Status: 200 | 1ms

[2025-10-29 12:00:02] [INFO] ✓ GET /user/3/avatar | Status: 200 | 1ms

[2025-10-29 12:00:02] [INFO] ✓ GET /article/images/1685622311147.png-cover?type=small | Status: 200 | 0ms

[2025-10-29 12:00:02] [INFO] → GET /article/images/1685613097871.png-cover?type=small | IP: ::1

[2025-10-29 12:00:02] [INFO] → GET /user/2/avatar | IP: ::1

[2025-10-29 12:00:02] [INFO] ✓ GET /article/images/1685613097871.png-cover?type=small | Status: 200 | 1ms

[2025-10-29 12:00:02] [INFO] ✓ GET /user/2/avatar | Status: 200 | 2ms

[2025-10-29 12:00:02] [INFO] → GET /article/images/1685612251452.png-cover?type=small | IP: ::1

[2025-10-29 12:00:02] [INFO] ✓ GET /article/images/1685612251452.png-cover?type=small | Status: 200 | 1ms

[2025-10-29 12:00:02] [INFO] → GET /article/images/1685611740220.png-cover?type=small | IP: ::1

[2025-10-29 12:00:02] [INFO] ✓ GET /article/images/1685611740220.png-cover?type=small | Status: 200 | 1ms

[2025-10-29 12:00:02] [INFO] → GET /user/4/avatar | IP: ::1

[2025-10-29 12:00:02] [INFO] → GET /article/images/1685546152822.png-cover?type=small | IP: ::1

[2025-10-29 12:00:02] [INFO] ✓ GET /user/4/avatar | Status: 200 | 1ms

[2025-10-29 12:00:02] [INFO] ✓ GET /article/images/1685546152822.png-cover?type=small | Status: 200 | 1ms

[2025-10-29 12:00:03] [INFO] → GET /user/7/follow | IP: ::1

[2025-10-29 12:00:03] [INFO] ✓ GET /user/7/follow | Status: 200 | 4ms

[2025-10-29 12:00:55] [INFO] → GET /tag | IP: ::1

[2025-10-29 12:00:55] [INFO] → GET /article/recommend?offset=0&limit=10 | IP: ::1

[2025-10-29 12:00:55] [INFO] → GET /article?offset=0&limit=10&tagId=&pageOrder=date&userId=&idList=%5B%5D&keywords= | IP: ::1

[2025-10-29 12:00:55] [INFO] ✓ GET /tag | Status: 200 | 47ms

[2025-10-29 12:00:55] [INFO] ✓ GET /article/recommend?offset=0&limit=10 | Status: 200 | 29ms

[2025-10-29 12:00:55] [INFO] ✓ GET /article?offset=0&limit=10&tagId=&pageOrder=date&userId=&idList=%5B%5D&keywords= | Status: 200 | 24ms

[2025-10-29 12:00:55] [INFO] → GET /user/8/avatar | IP: ::1

[2025-10-29 12:00:55] [INFO] → GET /article/images/1686221837379.png-cover?type=small | IP: ::1

[2025-10-29 12:00:55] [INFO] ✓ GET /user/8/avatar | Status: 200 | 4ms

[2025-10-29 12:00:55] [INFO] ✓ GET /article/images/1686221837379.png-cover?type=small | Status: 200 | 2ms

[2025-10-29 12:00:55] [INFO] → GET /user/7/avatar | IP: ::1

[2025-10-29 12:00:55] [INFO] → GET /article/images/1686220507024.jpg-cover?type=small | IP: ::1

[2025-10-29 12:00:55] [INFO] ✓ GET /user/7/avatar | Status: 200 | 5ms

[2025-10-29 12:00:55] [INFO] ✓ GET /article/images/1686220507024.jpg-cover?type=small | Status: 200 | 3ms

[2025-10-29 12:00:55] [INFO] → GET /user/6/avatar | IP: ::1

[2025-10-29 12:00:55] [INFO] ✓ GET /user/6/avatar | Status: 200 | 3ms

[2025-10-29 12:00:55] [INFO] → GET /article/images/1686219335028.jpg-cover?type=small | IP: ::1

[2025-10-29 12:00:55] [INFO] → GET /user/5/avatar | IP: ::1

[2025-10-29 12:00:55] [INFO] ✓ GET /article/images/1686219335028.jpg-cover?type=small | Status: 200 | 2ms

[2025-10-29 12:00:55] [INFO] ✓ GET /user/5/avatar | Status: 200 | 2ms

[2025-10-29 12:00:55] [INFO] → GET /article/images/1686218679815.jpg-cover?type=small | IP: ::1

[2025-10-29 12:00:55] [INFO] → GET /user/3/avatar | IP: ::1

[2025-10-29 12:00:55] [INFO] → GET /article/images/1685622311147.png-cover?type=small | IP: ::1

[2025-10-29 12:00:55] [INFO] ✓ GET /article/images/1686218679815.jpg-cover?type=small | Status: 200 | 3ms

[2025-10-29 12:00:55] [INFO] ✓ GET /user/3/avatar | Status: 200 | 4ms

[2025-10-29 12:00:55] [INFO] ✓ GET /article/images/1685622311147.png-cover?type=small | Status: 200 | 4ms

[2025-10-29 12:00:55] [INFO] → GET /article/images/1685613097871.png-cover?type=small | IP: ::1

[2025-10-29 12:00:55] [INFO] → GET /user/2/avatar | IP: ::1

[2025-10-29 12:00:55] [INFO] ✓ GET /article/images/1685613097871.png-cover?type=small | Status: 200 | 3ms

[2025-10-29 12:00:55] [INFO] ✓ GET /user/2/avatar | Status: 200 | 1ms

[2025-10-29 12:00:55] [INFO] → GET /article/images/1685612251452.png-cover?type=small | IP: ::1

[2025-10-29 12:00:55] [INFO] → GET /article/images/1685611740220.png-cover?type=small | IP: ::1

[2025-10-29 12:00:55] [INFO] → GET /user/4/avatar | IP: ::1

[2025-10-29 12:00:55] [INFO] ✓ GET /article/images/1685612251452.png-cover?type=small | Status: 200 | 3ms

[2025-10-29 12:00:55] [INFO] ✓ GET /article/images/1685611740220.png-cover?type=small | Status: 200 | 2ms

[2025-10-29 12:00:55] [INFO] ✓ GET /user/4/avatar | Status: 200 | 2ms

[2025-10-29 12:00:55] [INFO] → GET /article/images/1685546152822.png-cover?type=small | IP: ::1

[2025-10-29 12:00:55] [INFO] ✓ GET /article/images/1685546152822.png-cover?type=small | Status: 200 | 4ms

[2025-10-29 12:00:58] [INFO] → GET /user/8/follow | IP: ::1

[2025-10-29 12:00:58] [INFO] ✓ GET /user/8/follow | Status: 200 | 9ms

[2025-10-29 12:01:00] [INFO] → GET /tag | IP: ::1

[2025-10-29 12:01:00] [INFO] → GET /article/recommend?offset=0&limit=10 | IP: ::1

[2025-10-29 12:01:00] [INFO] → GET /article?offset=0&limit=10&tagId=&pageOrder=date&userId=&idList=%5B%5D&keywords= | IP: ::1

[2025-10-29 12:01:00] [INFO] ✓ GET /tag | Status: 200 | 5ms

[2025-10-29 12:01:00] [INFO] ✓ GET /article/recommend?offset=0&limit=10 | Status: 200 | 8ms

[2025-10-29 12:01:00] [INFO] ✓ GET /article?offset=0&limit=10&tagId=&pageOrder=date&userId=&idList=%5B%5D&keywords= | Status: 200 | 11ms

[2025-10-29 12:01:00] [INFO] → GET /user/8/avatar | IP: ::1

[2025-10-29 12:01:00] [INFO] ✓ GET /user/8/avatar | Status: 200 | 1ms

[2025-10-29 12:01:00] [INFO] → GET /article/images/1686221837379.png-cover?type=small | IP: ::1

[2025-10-29 12:01:00] [INFO] → GET /user/7/avatar | IP: ::1

[2025-10-29 12:01:00] [INFO] ✓ GET /article/images/1686221837379.png-cover?type=small | Status: 200 | 3ms

[2025-10-29 12:01:00] [INFO] → GET /article/images/1686220507024.jpg-cover?type=small | IP: ::1

[2025-10-29 12:01:00] [INFO] ✓ GET /user/7/avatar | Status: 200 | 2ms

[2025-10-29 12:01:00] [INFO] → GET /user/6/avatar | IP: ::1

[2025-10-29 12:01:00] [INFO] ✓ GET /article/images/1686220507024.jpg-cover?type=small | Status: 200 | 1ms

[2025-10-29 12:01:00] [INFO] → GET /article/images/1686219335028.jpg-cover?type=small | IP: ::1

[2025-10-29 12:01:00] [INFO] ✓ GET /user/6/avatar | Status: 200 | 3ms

[2025-10-29 12:01:00] [INFO] → GET /user/5/avatar | IP: ::1

[2025-10-29 12:01:00] [INFO] ✓ GET /article/images/1686219335028.jpg-cover?type=small | Status: 200 | 3ms

[2025-10-29 12:01:00] [INFO] ✓ GET /user/5/avatar | Status: 200 | 2ms

[2025-10-29 12:01:00] [INFO] → GET /article/images/1686218679815.jpg-cover?type=small | IP: ::1

[2025-10-29 12:01:00] [INFO] → GET /user/3/avatar | IP: ::1

[2025-10-29 12:01:00] [INFO] → GET /article/images/1685622311147.png-cover?type=small | IP: ::1

[2025-10-29 12:01:00] [INFO] ✓ GET /article/images/1686218679815.jpg-cover?type=small | Status: 200 | 2ms

[2025-10-29 12:01:00] [INFO] ✓ GET /user/3/avatar | Status: 200 | 2ms

[2025-10-29 12:01:00] [INFO] → GET /article/images/1685613097871.png-cover?type=small | IP: ::1

[2025-10-29 12:01:00] [INFO] ✓ GET /article/images/1685622311147.png-cover?type=small | Status: 200 | 1ms

[2025-10-29 12:01:00] [INFO] ✓ GET /article/images/1685613097871.png-cover?type=small | Status: 200 | 1ms

[2025-10-29 12:01:00] [INFO] → GET /user/2/avatar | IP: ::1

[2025-10-29 12:01:00] [INFO] ✓ GET /user/2/avatar | Status: 200 | 3ms

[2025-10-29 12:01:00] [INFO] → GET /article/images/1685612251452.png-cover?type=small | IP: ::1

[2025-10-29 12:01:00] [INFO] → GET /article/images/1685611740220.png-cover?type=small | IP: ::1

[2025-10-29 12:01:00] [INFO] → GET /user/4/avatar | IP: ::1

[2025-10-29 12:01:00] [INFO] ✓ GET /article/images/1685612251452.png-cover?type=small | Status: 200 | 2ms

[2025-10-29 12:01:00] [INFO] ✓ GET /article/images/1685611740220.png-cover?type=small | Status: 200 | 2ms

[2025-10-29 12:01:00] [INFO] → GET /article/images/1685546152822.png-cover?type=small | IP: ::1

[2025-10-29 12:01:00] [INFO] ✓ GET /user/4/avatar | Status: 200 | 1ms

[2025-10-29 12:01:00] [INFO] ✓ GET /article/images/1685546152822.png-cover?type=small | Status: 200 | 1ms

[2025-10-29 12:01:04] [INFO] → GET /tag | IP: ::1

[2025-10-29 12:01:04] [INFO] → GET /article/recommend?offset=0&limit=10 | IP: ::1

[2025-10-29 12:01:04] [INFO] ✓ GET /tag | Status: 200 | 10ms

[2025-10-29 12:01:04] [INFO] → GET /article?offset=0&limit=10&tagId=&pageOrder=date&userId=&idList=%5B%5D&keywords= | IP: ::1

[2025-10-29 12:01:04] [INFO] ✓ GET /article/recommend?offset=0&limit=10 | Status: 200 | 38ms

[2025-10-29 12:01:04] [INFO] ✓ GET /article?offset=0&limit=10&tagId=&pageOrder=date&userId=&idList=%5B%5D&keywords= | Status: 200 | 25ms

[2025-10-29 12:01:04] [INFO] → GET /user/8/avatar | IP: ::1

[2025-10-29 12:01:04] [INFO] ✓ GET /user/8/avatar | Status: 200 | 1ms

[2025-10-29 12:01:04] [INFO] → GET /article/images/1686221837379.png-cover?type=small | IP: ::1

[2025-10-29 12:01:04] [INFO] ✓ GET /article/images/1686221837379.png-cover?type=small | Status: 200 | 2ms

[2025-10-29 12:01:04] [INFO] → GET /article/images/1686220507024.jpg-cover?type=small | IP: ::1

[2025-10-29 12:01:04] [INFO] → GET /article/images/1686219335028.jpg-cover?type=small | IP: ::1

[2025-10-29 12:01:04] [INFO] → GET /article/images/1686218679815.jpg-cover?type=small | IP: ::1

[2025-10-29 12:01:04] [INFO] ✓ GET /article/images/1686220507024.jpg-cover?type=small | Status: 200 | 2ms

[2025-10-29 12:01:04] [INFO] ✓ GET /article/images/1686218679815.jpg-cover?type=small | Status: 200 | 2ms

[2025-10-29 12:01:04] [INFO] ✓ GET /article/images/1686219335028.jpg-cover?type=small | Status: 200 | 3ms

[2025-10-29 12:01:04] [INFO] → GET /user/7/avatar | IP: ::1

[2025-10-29 12:01:04] [INFO] → GET /user/6/avatar | IP: ::1

[2025-10-29 12:01:04] [INFO] → GET /user/5/avatar | IP: ::1

[2025-10-29 12:01:04] [INFO] ✓ GET /user/7/avatar | Status: 200 | 3ms

[2025-10-29 12:01:04] [INFO] ✓ GET /user/6/avatar | Status: 200 | 1ms

[2025-10-29 12:01:04] [INFO] ✓ GET /user/5/avatar | Status: 200 | 0ms

[2025-10-29 12:01:04] [INFO] → GET /user/3/avatar | IP: ::1

[2025-10-29 12:01:04] [INFO] → GET /article/images/1685622311147.png-cover?type=small | IP: ::1

[2025-10-29 12:01:04] [INFO] ✓ GET /user/3/avatar | Status: 200 | 2ms

[2025-10-29 12:01:04] [INFO] ✓ GET /article/images/1685622311147.png-cover?type=small | Status: 200 | 1ms

[2025-10-29 12:01:04] [INFO] → GET /article/images/1685613097871.png-cover?type=small | IP: ::1

[2025-10-29 12:01:04] [INFO] ✓ GET /article/images/1685613097871.png-cover?type=small | Status: 200 | 1ms

[2025-10-29 12:01:04] [INFO] → GET /user/2/avatar | IP: ::1

[2025-10-29 12:01:04] [INFO] ✓ GET /user/2/avatar | Status: 200 | 2ms

[2025-10-29 12:01:04] [INFO] → GET /article/images/1685612251452.png-cover?type=small | IP: ::1

[2025-10-29 12:01:04] [INFO] → GET /article/images/1685611740220.png-cover?type=small | IP: ::1

[2025-10-29 12:01:04] [INFO] ✓ GET /article/images/1685612251452.png-cover?type=small | Status: 200 | 5ms

[2025-10-29 12:01:04] [INFO] ✓ GET /article/images/1685611740220.png-cover?type=small | Status: 200 | 5ms

[2025-10-29 12:01:04] [INFO] → GET /user/4/avatar | IP: ::1

[2025-10-29 12:01:04] [INFO] → GET /article/images/1685546152822.png-cover?type=small | IP: ::1

[2025-10-29 12:01:04] [INFO] ✓ GET /user/4/avatar | Status: 200 | 1ms

[2025-10-29 12:01:04] [INFO] ✓ GET /article/images/1685546152822.png-cover?type=small | Status: 200 | 0ms

[2025-10-29 12:01:05] [INFO] → GET /tag | IP: ::1

[2025-10-29 12:01:05] [INFO] → GET /article/recommend?offset=0&limit=10 | IP: ::1

[2025-10-29 12:01:05] [INFO] ✓ GET /tag | Status: 200 | 4ms

[2025-10-29 12:01:05] [INFO] → GET /article?offset=0&limit=10&tagId=&pageOrder=date&userId=&idList=%5B%5D&keywords= | IP: ::1

[2025-10-29 12:01:05] [INFO] ✓ GET /article/recommend?offset=0&limit=10 | Status: 200 | 9ms

[2025-10-29 12:01:05] [INFO] ✓ GET /article?offset=0&limit=10&tagId=&pageOrder=date&userId=&idList=%5B%5D&keywords= | Status: 200 | 10ms

[2025-10-29 12:01:05] [INFO] → GET /user/8/avatar | IP: ::1

[2025-10-29 12:01:05] [INFO] ✓ GET /user/8/avatar | Status: 200 | 1ms

[2025-10-29 12:01:05] [INFO] → GET /article/images/1686221837379.png-cover?type=small | IP: ::1

[2025-10-29 12:01:05] [INFO] ✓ GET /article/images/1686221837379.png-cover?type=small | Status: 200 | 2ms

[2025-10-29 12:01:05] [INFO] → GET /user/7/avatar | IP: ::1

[2025-10-29 12:01:05] [INFO] ✓ GET /user/7/avatar | Status: 200 | 3ms

[2025-10-29 12:01:05] [INFO] → GET /article/images/1686220507024.jpg-cover?type=small | IP: ::1

[2025-10-29 12:01:05] [INFO] → GET /user/6/avatar | IP: ::1

[2025-10-29 12:01:05] [INFO] ✓ GET /article/images/1686220507024.jpg-cover?type=small | Status: 200 | 1ms

[2025-10-29 12:01:05] [INFO] → GET /article/images/1686219335028.jpg-cover?type=small | IP: ::1

[2025-10-29 12:01:05] [INFO] ✓ GET /user/6/avatar | Status: 200 | 4ms

[2025-10-29 12:01:05] [INFO] → GET /article/images/1686218679815.jpg-cover?type=small | IP: ::1

[2025-10-29 12:01:05] [INFO] → GET /user/5/avatar | IP: ::1

[2025-10-29 12:01:05] [INFO] ✓ GET /article/images/1686218679815.jpg-cover?type=small | Status: 200 | 0ms

[2025-10-29 12:01:05] [INFO] ✓ GET /article/images/1686219335028.jpg-cover?type=small | Status: 200 | 2ms

[2025-10-29 12:01:05] [INFO] ✓ GET /user/5/avatar | Status: 200 | 1ms

[2025-10-29 12:01:05] [INFO] → GET /user/3/avatar | IP: ::1

[2025-10-29 12:01:05] [INFO] ✓ GET /user/3/avatar | Status: 200 | 6ms

[2025-10-29 12:01:05] [INFO] → GET /article/images/1685622311147.png-cover?type=small | IP: ::1

[2025-10-29 12:01:05] [INFO] → GET /article/images/1685613097871.png-cover?type=small | IP: ::1

[2025-10-29 12:01:05] [INFO] ✓ GET /article/images/1685622311147.png-cover?type=small | Status: 200 | 1ms

[2025-10-29 12:01:05] [INFO] → GET /user/2/avatar | IP: ::1

[2025-10-29 12:01:05] [INFO] ✓ GET /article/images/1685613097871.png-cover?type=small | Status: 200 | 3ms

[2025-10-29 12:01:05] [INFO] → GET /article/images/1685612251452.png-cover?type=small | IP: ::1

[2025-10-29 12:01:05] [INFO] ✓ GET /user/2/avatar | Status: 200 | 4ms

[2025-10-29 12:01:05] [INFO] ✓ GET /article/images/1685612251452.png-cover?type=small | Status: 200 | 3ms

[2025-10-29 12:01:05] [INFO] → GET /article/images/1685611740220.png-cover?type=small | IP: ::1

[2025-10-29 12:01:05] [INFO] → GET /user/4/avatar | IP: ::1

[2025-10-29 12:01:05] [INFO] → GET /article/images/1685546152822.png-cover?type=small | IP: ::1

[2025-10-29 12:01:05] [INFO] ✓ GET /article/images/1685611740220.png-cover?type=small | Status: 200 | 15ms

[2025-10-29 12:01:05] [INFO] ✓ GET /user/4/avatar | Status: 200 | 14ms

[2025-10-29 12:01:05] [INFO] ✓ GET /article/images/1685546152822.png-cover?type=small | Status: 200 | 10ms

[2025-10-29 19:32:35] [INFO] → GET /user/hot | IP: ::1

[2025-10-29 19:32:35] [INFO] ✓ GET /user/hot | Status: 200 | 102ms

[2025-10-29 19:32:36] [INFO] → GET /tag | IP: ::1

[2025-10-29 19:32:36] [INFO] → GET /article/recommend?offset=0&limit=10 | IP: ::1

[2025-10-29 19:32:36] [INFO] ✓ GET /tag | Status: 200 | 14ms

[2025-10-29 19:32:36] [INFO] → GET /article?offset=0&limit=10&tagId=&pageOrder=date&userId=&idList=%5B%5D&keywords= | IP: ::1

[2025-10-29 19:32:36] [INFO] ✓ GET /article/recommend?offset=0&limit=10 | Status: 200 | 17ms

[2025-10-29 19:32:36] [INFO] ✓ GET /article?offset=0&limit=10&tagId=&pageOrder=date&userId=&idList=%5B%5D&keywords= | Status: 200 | 27ms

[2025-10-29 19:32:39] [INFO] → GET /user/hot | IP: ::1

[2025-10-29 19:32:39] [INFO] ✓ GET /user/hot | Status: 200 | 4ms

